C:\Program Files (x86)\Microsoft Visual Studio\2017\Community\Common7\IDE\VC\VCTargets\Microsoft.CppBuild.targets(937,5): warning MSB8027: Two or more files with the name of GLee.c will produce outputs to the same location. This can lead to an incorrect build result.  The files involved are ..\GLee.c, ..\shared\GLee.c.
  main.cpp
c:\users\kuja\desktop\3d programming\ayoub coursework - new class implementation\textures tutorial\hoop.h(45): warning C4305: 'argument': truncation from 'double' to 'GLfloat'
c:\users\kuja\desktop\3d programming\ayoub coursework - new class implementation\textures tutorial\planet.h(90): warning C4305: '+=': truncation from 'double' to 'GLfloat'
c:\users\kuja\desktop\3d programming\ayoub coursework - new class implementation\textures tutorial\satellite.h(66): warning C4244: '=': conversion from 'double' to 'GLfloat', possible loss of data
c:\users\kuja\desktop\3d programming\ayoub coursework - new class implementation\textures tutorial\satellite.h(67): warning C4244: '=': conversion from 'double' to 'GLfloat', possible loss of data
c:\users\kuja\desktop\3d programming\ayoub coursework - new class implementation\textures tutorial\rings.h(14): warning C4244: 'initializing': conversion from 'double' to 'GLint', possible loss of data
c:\users\kuja\desktop\3d programming\ayoub coursework - new class implementation\textures tutorial\rings.h(52): warning C4244: 'argument': conversion from 'double' to 'GLint', possible loss of data
c:\users\kuja\desktop\3d programming\ayoub coursework - new class implementation\textures tutorial\barrier.h(37): warning C4244: 'argument': conversion from 'double' to 'GLint', possible loss of data
c:\users\kuja\desktop\3d programming\ayoub coursework - new class implementation\textures tutorial\atmosphere.h(86): warning C4244: 'argument': conversion from 'double' to 'GLint', possible loss of data
c:\users\kuja\desktop\3d programming\ayoub coursework - new class implementation\textures tutorial\atmosphere.h(96): warning C4305: 'argument': truncation from 'double' to 'GLfloat'
c:\users\kuja\desktop\3d programming\ayoub coursework - new class implementation\textures tutorial\atmosphere.h(121): warning C4305: '+=': truncation from 'double' to 'GLfloat'
c:\users\kuja\desktop\3d programming\ayoub coursework - new class implementation\textures tutorial\main.cpp(95): warning C4305: 'argument': truncation from 'double' to 'GLfloat'
c:\users\kuja\desktop\3d programming\ayoub coursework - new class implementation\textures tutorial\main.cpp(97): warning C4305: 'argument': truncation from 'double' to 'GLfloat'
c:\users\kuja\desktop\3d programming\ayoub coursework - new class implementation\textures tutorial\main.cpp(98): warning C4305: 'argument': truncation from 'double' to 'GLfloat'
c:\users\kuja\desktop\3d programming\ayoub coursework - new class implementation\textures tutorial\main.cpp(99): warning C4305: 'argument': truncation from 'double' to 'GLfloat'
c:\users\kuja\desktop\3d programming\ayoub coursework - new class implementation\textures tutorial\main.cpp(100): warning C4305: 'argument': truncation from 'double' to 'GLfloat'
c:\users\kuja\desktop\3d programming\ayoub coursework - new class implementation\textures tutorial\main.cpp(101): warning C4305: 'argument': truncation from 'double' to 'GLfloat'
c:\users\kuja\desktop\3d programming\ayoub coursework - new class implementation\textures tutorial\main.cpp(102): warning C4305: 'argument': truncation from 'double' to 'GLfloat'
c:\users\kuja\desktop\3d programming\ayoub coursework - new class implementation\textures tutorial\main.cpp(103): warning C4305: 'argument': truncation from 'double' to 'GLfloat'
c:\users\kuja\desktop\3d programming\ayoub coursework - new class implementation\textures tutorial\main.cpp(226): warning C4244: 'argument': conversion from 'int' to 'GLfloat', possible loss of data
c:\users\kuja\desktop\3d programming\ayoub coursework - new class implementation\textures tutorial\main.cpp(239): warning C4244: 'argument': conversion from 'int' to 'GLfloat', possible loss of data
c:\users\kuja\desktop\3d programming\ayoub coursework - new class implementation\textures tutorial\main.cpp(255): warning C4244: 'argument': conversion from 'int' to 'GLfloat', possible loss of data
c:\users\kuja\desktop\3d programming\ayoub coursework - new class implementation\textures tutorial\main.cpp(265): warning C4244: 'argument': conversion from 'int' to 'GLfloat', possible loss of data
c:\users\kuja\desktop\3d programming\ayoub coursework - new class implementation\textures tutorial\main.cpp(274): warning C4244: 'argument': conversion from 'double' to 'GLfloat', possible loss of data
c:\users\kuja\desktop\3d programming\ayoub coursework - new class implementation\textures tutorial\main.cpp(274): warning C4244: 'argument': conversion from 'int' to 'GLfloat', possible loss of data
c:\users\kuja\desktop\3d programming\ayoub coursework - new class implementation\textures tutorial\main.cpp(283): warning C4244: 'argument': conversion from 'int' to 'GLfloat', possible loss of data
c:\users\kuja\desktop\3d programming\ayoub coursework - new class implementation\textures tutorial\main.cpp(366): warning C4305: 'argument': truncation from 'double' to 'GLfloat'
c:\users\kuja\desktop\3d programming\ayoub coursework - new class implementation\textures tutorial\main.cpp(376): warning C4244: 'argument': conversion from 'int' to 'GLfloat', possible loss of data
c:\users\kuja\desktop\3d programming\ayoub coursework - new class implementation\textures tutorial\main.cpp(378): warning C4244: 'argument': conversion from 'int' to 'GLfloat', possible loss of data
c:\users\kuja\desktop\3d programming\ayoub coursework - new class implementation\textures tutorial\main.cpp(380): warning C4244: 'argument': conversion from 'int' to 'GLfloat', possible loss of data
c:\users\kuja\desktop\3d programming\ayoub coursework - new class implementation\textures tutorial\main.cpp(632): warning C4305: '+=': truncation from 'double' to 'GLfloat'
  3DExample1.vcxproj -> C:\Users\Kuja\Desktop\3D Programming\Ayoub CourseWork - new class implementation\Textures Tutorial\Debug\3DExample1.exe
  3DExample1.vcxproj -> C:\Users\Kuja\Desktop\3D Programming\Ayoub CourseWork - new class implementation\Textures Tutorial\Debug\3DExample1.pdb (Full PDB)
